<?xml version="1.0" encoding="UTF-8"?>
<!-- Generated by org.testng.reporters.JUnitReportReporter -->
<testsuite skipped="0" hostname="C02ZK3UQLVDM" name="mavenlearning.com.demoTest" tests="3" failures="0" timestamp="2022-01-30T22:56:17 IST" time="0.004" errors="0">
  <testcase name="test3" time="0.000" classname="mavenlearning.com.demoTest"/>
  <system-out/>
  <testcase name="test1" time="0.004" classname="mavenlearning.com.demoTest"/>
  <system-out/>
  <testcase name="test2" time="0.000" classname="mavenlearning.com.demoTest"/>
  <system-out/>
</testsuite> <!-- mavenlearning.com.demoTest -->
